  8
 Etot=          -7.3357060618
 C         -0.7565382262       -0.0008015634        0.0000176057
 C          0.7624909698        0.0056851394        0.0000047822
 H         -1.1324908064       -1.0285512271       -0.0017910666
 H         -1.1505130616        0.5068283309       -0.8866986238
 H         -1.1505733291        0.5039432667        0.8882317672
 H          1.1258679467       -0.5326831899       -0.8831851071
 H          1.1257983309       -0.5356457636        0.8815421861
 H          1.1109773539        1.0279153394        0.0016340674
  8
 Etot=          -7.3363339263
 C         -0.7677152966       -0.0071833925       -0.0000472252
 C          0.7554380853       -0.0020670186       -0.0000010425
 H         -1.1537863542       -1.0259966249       -0.0017598027
 H         -1.1556124042        0.5031047886       -0.8808394905
 H         -1.1556489786        0.5002086145        0.8823534631
 H          1.1391522973       -0.5156700473       -0.8811700816
 H          1.1391167144       -0.5185324891        0.8795437325
 H          1.1340751144        1.0128265019        0.0016760581
  8
 Etot=          -7.3363696289
 C         -0.7689110129       -0.0074769242       -0.0000564492
 C          0.7523762012       -0.0052135926       -0.0000054765
 H         -1.1503285066       -1.0261343586       -0.0017414268
 H         -1.1523733806        0.5026418391       -0.8810442157
 H         -1.1524331737        0.4997523526        0.8825651479
 H          1.1358883936       -0.5128953472       -0.8825682436
 H          1.1358261972       -0.5157679939        0.8809276023
 H          1.1349744598        1.0117843573        0.0016786727
