    -13.665127656102    -13.665127656102         0.18255E-03
    -13.665127731750    -13.665127731750         0.12165E-03
    -13.665127765088    -13.665127765088         0.21230E-04
    -13.665127760139    -13.665127760139         0.39915E-04
    -13.665127763601    -13.665127763601         0.31138E-04
    -13.665127765295    -13.665127765295         0.14586E-04
    -13.665127766030    -13.665127766030         0.68064E-05
    -13.665127765357    -13.665127765357         0.10703E-04
    -13.665127736740    -13.665127736740         0.81292E-04
    -13.664177351211    -13.664177351211         0.17064E-03
    -13.664177387506    -13.664177387506         0.13097E-03
    -13.664177417337    -13.664177417337         0.10254E-03
    -13.664177442356    -13.664177442356         0.18202E-04
    -13.664177394618    -13.664177394618         0.10285E-03
    -13.664177405409    -13.664177405409         0.98974E-04
    -13.664177398629    -13.664177398629         0.10297E-03
    -13.664177408427    -13.664177408427         0.91775E-04
    -13.664177407612    -13.664177407612         0.86981E-04
    -13.664177400865    -13.664177400865         0.10792E-03
    -13.664177354830    -13.664177354830         0.19298E-03
    -13.664177403347    -13.664177403347         0.87833E-04
    -13.664177402861    -13.664177402861         0.89811E-04
    -13.664177389727    -13.664177389727         0.10975E-03
    -13.664177435212    -13.664177435212         0.13671E-04
    -13.664177397617    -13.664177397617         0.91374E-04
    -13.664177370451    -13.664177370451         0.13528E-03
    -13.664177440561    -13.664177440561         0.24259E-04
    -13.665127700809    -13.665127700809         0.19188E-03
    -13.665127745778    -13.665127745778         0.89251E-04
    -13.665127763153    -13.665127763153         0.43908E-04
    -13.665127762689    -13.665127762689         0.43427E-04
    -13.665127765438    -13.665127765438         0.21958E-04
    -13.665127763762    -13.665127763762         0.33661E-04
    -13.665127761737    -13.665127761737         0.49473E-04
    -13.665127764555    -13.665127764555         0.24005E-04
    -13.665127757082    -13.665127757082         0.84237E-04
    -13.665127711393    -13.665127711393         0.17129E-03
